# JRE version: OpenJDK Runtime Environment JBR-17.0.4.1+7-469.62-jcef (17.0.4.1+7) (build 17.0.4.1+7-b469.62)
# Java VM: OpenJDK 64-Bit Server VM JBR-17.0.4.1+7-469.62-jcef (17.0.4.1+7-b469.62, mixed mode, tiered, compressed oops, compressed class ptrs, g1 gc, windows-amd64)
GC Precious Log:
 CPUs: 8 total, 8 available
 Memory: 8076M
 Large Page Support: Disabled
 NUMA Support: Disabled
 Compressed Oops: Enabled (32-bit)
 Heap Region Size: 1M
 Heap Min Capacity: 128M
 Heap Initial Capacity: 128M
 Heap Max Capacity: 750M
 Pre-touch: Disabled
 Parallel Workers: 8
 Concurrent Workers: 2
 Concurrent Refinement Workers: 8
 Periodic GC: Disabled
Heap:
 garbage-first heap   total 572416K, used 436573K [0x00000000d1200000, 0x0000000100000000)
  region size 1024K, 42 young (43008K), 3 survivors (3072K)
 Metaspace       used 53557K, committed 53888K, reserved 1097728K
  class space    used 5784K, committed 5952K, reserved 1048576K
GC Heap History (20 events):
Event: 22.987 GC heap before
{Heap before GC invocations=16 (full 0):
 garbage-first heap   total 307200K, used 206336K [0x00000000d1200000, 0x0000000100000000)
  region size 1024K, 28 young (28672K), 5 survivors (5120K)
 Metaspace       used 45071K, committed 45312K, reserved 1089536K
  class space    used 4985K, committed 5120K, reserved 1048576K
}
Event: 23.001 GC heap after
{Heap after GC invocations=17 (full 0):
 garbage-first heap   total 307200K, used 192990K [0x00000000d1200000, 0x0000000100000000)
  region size 1024K, 4 young (4096K), 4 survivors (4096K)
 Metaspace       used 45071K, committed 45312K, reserved 1089536K
  class space    used 4985K, committed 5120K, reserved 1048576K
}
Event: 23.115 GC heap before
{Heap before GC invocations=17 (full 0):
 garbage-first heap   total 307200K, used 203230K [0x00000000d1200000, 0x0000000100000000)
  region size 1024K, 15 young (15360K), 4 survivors (4096K)
 Metaspace       used 45478K, committed 45824K, reserved 1097728K
  class space    used 5034K, committed 5184K, reserved 1048576K
}
Event: 23.125 GC heap after
{Heap after GC invocations=18 (full 0):
 garbage-first heap   total 307200K, used 197289K [0x00000000d1200000, 0x0000000100000000)
  region size 1024K, 2 young (2048K), 2 survivors (2048K)
 Metaspace       used 45478K, committed 45824K, reserved 1097728K
  class space    used 5034K, committed 5184K, reserved 1048576K
}
Event: 24.560 GC heap before
{Heap before GC invocations=18 (full 0):
 garbage-first heap   total 307200K, used 236201K [0x00000000d1200000, 0x0000000100000000)
  region size 1024K, 41 young (41984K), 2 survivors (2048K)
 Metaspace       used 47424K, committed 47680K, reserved 1097728K
  class space    used 5181K, committed 5312K, reserved 1048576K
}
Event: 24.580 GC heap after
{Heap after GC invocations=19 (full 0):
 garbage-first heap   total 347136K, used 215262K [0x00000000d1200000, 0x0000000100000000)
  region size 1024K, 6 young (6144K), 6 survivors (6144K)
 Metaspace       used 47424K, committed 47680K, reserved 1097728K
  class space    used 5181K, committed 5312K, reserved 1048576K
}
Event: 25.051 GC heap before
{Heap before GC invocations=19 (full 0):
 garbage-first heap   total 414720K, used 263390K [0x00000000d1200000, 0x0000000100000000)
  region size 1024K, 53 young (54272K), 6 survivors (6144K)
 Metaspace       used 47523K, committed 47808K, reserved 1097728K
  class space    used 5185K, committed 5312K, reserved 1048576K
}
Event: 25.076 GC heap after
{Heap after GC invocations=20 (full 0):
 garbage-first heap   total 414720K, used 243271K [0x00000000d1200000, 0x0000000100000000)
  region size 1024K, 7 young (7168K), 7 survivors (7168K)
 Metaspace       used 47523K, committed 47808K, reserved 1097728K
  class space    used 5185K, committed 5312K, reserved 1048576K
}
Event: 25.812 GC heap before
{Heap before GC invocations=21 (full 0):
 garbage-first heap   total 414720K, used 304711K [0x00000000d1200000, 0x0000000100000000)
  region size 1024K, 67 young (68608K), 7 survivors (7168K)
 Metaspace       used 47918K, committed 48192K, reserved 1097728K
  class space    used 5221K, committed 5376K, reserved 1048576K
}
Event: 25.845 GC heap after
{Heap after GC invocations=22 (full 0):
 garbage-first heap   total 414720K, used 275456K [0x00000000d1200000, 0x0000000100000000)
  region size 1024K, 9 young (9216K), 9 survivors (9216K)
 Metaspace       used 47918K, committed 48192K, reserved 1097728K
  class space    used 5221K, committed 5376K, reserved 1048576K
}
Event: 25.940 GC heap before
{Heap before GC invocations=22 (full 0):
 garbage-first heap   total 414720K, used 286720K [0x00000000d1200000, 0x0000000100000000)
  region size 1024K, 20 young (20480K), 9 survivors (9216K)
 Metaspace       used 48010K, committed 48256K, reserved 1097728K
  class space    used 5233K, committed 5376K, reserved 1048576K
}
Event: 25.952 GC heap after
{Heap after GC invocations=23 (full 0):
 garbage-first heap   total 414720K, used 280064K [0x00000000d1200000, 0x0000000100000000)
  region size 1024K, 3 young (3072K), 3 survivors (3072K)
 Metaspace       used 48010K, committed 48256K, reserved 1097728K
  class space    used 5233K, committed 5376K, reserved 1048576K
}
Event: 26.193 GC heap before
{Heap before GC invocations=23 (full 0):
 garbage-first heap   total 414720K, used 323072K [0x00000000d1200000, 0x0000000100000000)
  region size 1024K, 45 young (46080K), 3 survivors (3072K)
 Metaspace       used 48034K, committed 48320K, reserved 1097728K
  class space    used 5233K, committed 5376K, reserved 1048576K
}
Event: 26.210 GC heap after
{Heap after GC invocations=24 (full 0):
 garbage-first heap   total 414720K, used 302080K [0x00000000d1200000, 0x0000000100000000)
  region size 1024K, 6 young (6144K), 6 survivors (6144K)
 Metaspace       used 48034K, committed 48320K, reserved 1097728K
  class space    used 5233K, committed 5376K, reserved 1048576K
}
Event: 26.437 GC heap before
{Heap before GC invocations=24 (full 0):
 garbage-first heap   total 414720K, used 333824K [0x00000000d1200000, 0x0000000100000000)
  region size 1024K, 37 young (37888K), 6 survivors (6144K)
 Metaspace       used 48047K, committed 48320K, reserved 1097728K
  class space    used 5233K, committed 5376K, reserved 1048576K
}
Event: 26.456 GC heap after
{Heap after GC invocations=25 (full 0):
 garbage-first heap   total 414720K, used 319488K [0x00000000d1200000, 0x0000000100000000)
  region size 1024K, 5 young (5120K), 5 survivors (5120K)
 Metaspace       used 48047K, committed 48320K, reserved 1097728K
  class space    used 5233K, committed 5376K, reserved 1048576K
}
Event: 26.731 GC heap before
{Heap before GC invocations=25 (full 0):
 garbage-first heap   total 414720K, used 343040K [0x00000000d1200000, 0x0000000100000000)
  region size 1024K, 28 young (28672K), 5 survivors (5120K)
 Metaspace       used 48051K, committed 48320K, reserved 1097728K
  class space    used 5233K, committed 5376K, reserved 1048576K
}
Event: 26.744 GC heap after
{Heap after GC invocations=26 (full 0):
 garbage-first heap   total 414720K, used 332200K [0x00000000d1200000, 0x0000000100000000)
  region size 1024K, 4 young (4096K), 4 survivors (4096K)
 Metaspace       used 48051K, committed 48320K, reserved 1097728K
  class space    used 5233K, committed 5376K, reserved 1048576K
}
Event: 26.912 GC heap before
{Heap before GC invocations=26 (full 0):
 garbage-first heap   total 572416K, used 349608K [0x00000000d1200000, 0x0000000100000000)
  region size 1024K, 21 young (21504K), 4 survivors (4096K)
 Metaspace       used 48065K, committed 48320K, reserved 1097728K
  class space    used 5236K, committed 5376K, reserved 1048576K
}
Event: 26.924 GC heap after
{Heap after GC invocations=27 (full 0):
 garbage-first heap   total 572416K, used 343389K [0x00000000d1200000, 0x0000000100000000)
  region size 1024K, 3 young (3072K), 3 survivors (3072K)
 Metaspace       used 48065K, committed 48320K, reserved 1097728K
  class space    used 5236K, committed 5376K, reserved 1048576K
}

